<html>
<head>
<title>TestNG:  Default test</title>
<link href="../testng.css" rel="stylesheet" type="text/css" />
<link href="../my-testng.css" rel="stylesheet" type="text/css" />

<style type="text/css">
.log { display: none;} 
.stack-trace { display: none;} 
</style>
<script type="text/javascript">
<!--
function flip(e) {
  current = e.style.display;
  if (current == 'block') {
    e.style.display = 'none';
    return 0;
  }
  else {
    e.style.display = 'block';
    return 1;
  }
}

function toggleBox(szDivId, elem, msg1, msg2)
{
  var res = -1;  if (document.getElementById) {
    res = flip(document.getElementById(szDivId));
  }
  else if (document.all) {
    // this is the way old msie versions work
    res = flip(document.all[szDivId]);
  }
  if(elem) {
    if(res == 0) elem.innerHTML = msg1; else elem.innerHTML = msg2;
  }

}

function toggleAllBoxes() {
  if (document.getElementsByTagName) {
    d = document.getElementsByTagName('div');
    for (i = 0; i < d.length; i++) {
      if (d[i].className == 'log') {
        flip(d[i]);
      }
    }
  }
}

// -->
</script>

</head>
<body>
<h2 align='center'>Default test</h2><table border='1' align="center">
<tr>
<td>Tests passed/Failed/Skipped:</td><td>2/1/0</td>
</tr><tr>
<td>Started on:</td><td>Thu Dec 13 02:38:09 IST 2012</td>
</tr>
<tr><td>Total time:</td><td>81 seconds (81424 ms)</td>
</tr><tr>
<td>Included groups:</td><td></td>
</tr><tr>
<td>Excluded groups:</td><td></td>
</tr>
</table><p/>
<small><i>(Hover the method name to see the test class name)</i></small><p/>
<table width='100%' border='1' class='invocation-failed'>
<tr><td colspan='4' align='center'><b>FAILED TESTS</b></td></tr>
<tr><td><b>Test method</b></td>
<td width="30%"><b>Exception</b></td>
<td width="10%"><b>Time (seconds)</b></td>
<td><b>Instance</b></td>
</tr>
<tr>
<td title='com.seleniumtests.test.WebDriverTest.newRegistrationUsingCSVFile()'><b>newRegistrationUsingCSVFile</b><br>Test class: com.seleniumtests.test.WebDriverTest<br>Parameters: com.seleniumtests.dataobject.RegistrationData@5f4275d4<br/>
<a href="#Output-1917759555" onClick='toggleBox("Output-1917759555", this, "Show output", "Hide output");'>Show output</a>

<a href="#Output-1917759555" onClick="toggleAllBoxes();">Show all outputs</a>
<div class='log' id="Output-1917759555">
firstName: Test first name 3<br><br/>
lastName: Test last name 3<br><br/>
phone: 0987654321<br><br/>
userName: seleniumuser3<br><br/>
country: Wrong Country<br><br/>
email: test3@selenium.com<br><br/>
password: 123456<br><br/>
confirmPassword: 123456<br><br/>
</div>
</td>
<td><div><pre>org.openqa.selenium.NoSuchElementException: Cannot locate element with text: Wrong Country
For documentation on this error, please visit: http://seleniumhq.org/exceptions/no_such_element.html
Build info: version: &apos;2.26.0&apos;, revision: &apos;18040&apos;, time: &apos;2012-11-02 09:44:45&apos;
System info: os.name: &apos;Linux&apos;, os.arch: &apos;amd64&apos;, os.version: &apos;3.0.0-28-generic&apos;, java.version: &apos;1.6.0_24&apos;
Driver info: driver.version: unknown
	at org.openqa.selenium.support.ui.Select.selectByVisibleText(Select.java:147)
	at com.seleniumtests.pageobject.NewRegistrationPage.selectCountry(NewRegistrationPage.java:78)
	at com.seleniumtests.pageobject.NewRegistrationPage.registerNewUser(NewRegistrationPage.java:115)
	at com.seleniumtests.test.WebDriverTest.newRegistrationUsingCSVFile(WebDriverTest.java:80)
	at sun.reflect.NativeMethodAccessorImpl.invoke0(Native Method)
	at sun.reflect.NativeMethodAccessorImpl.invoke(NativeMethodAccessorImpl.java:57)
	at sun.reflect.DelegatingMethodAccessorImpl.invoke(DelegatingMethodAccessorImpl.java:43)
	at java.lang.reflect.Method.invoke(Method.java:616)
	at org.testng.internal.MethodInvocationHelper.invokeMethod(MethodInvocationHelper.java:80)
	at org.testng.internal.Invoker.invokeMethod(Invoker.java:714)
	at org.testng.internal.Invoker.invokeTestMethod(Invoker.java:901)
	at org.testng.internal.Invoker.invokeTestMethods(Invoker.java:1231)
	at org.testng.internal.TestMethodWorker.invokeTestMethods(TestMethodWorker.java:128)
	at org.testng.internal.TestMethodWorker.run(TestMethodWorker.java:111)
	at org.testng.TestRunner.privateRun(TestRunner.java:767)
	at org.testng.TestRunner.run(TestRunner.java:617)
	at org.testng.SuiteRunner.runTest(SuiteRunner.java:334)
	at org.testng.SuiteRunner.runSequentially(SuiteRunner.java:329)
	at org.testng.SuiteRunner.privateRun(SuiteRunner.java:291)
	at org.testng.SuiteRunner.run(SuiteRunner.java:240)
	at org.testng.SuiteRunnerWorker.runSuite(SuiteRunnerWorker.java:52)
	at org.testng.SuiteRunnerWorker.run(SuiteRunnerWorker.java:86)
	at org.testng.TestNG.runSuitesSequentially(TestNG.java:1203)
	at org.testng.TestNG.runSuitesLocally(TestNG.java:1128)
	at org.testng.TestNG.run(TestNG.java:1036)
	at org.testng.remote.RemoteTestNG.run(RemoteTestNG.java:111)
	at org.testng.remote.RemoteTestNG.initAndRun(RemoteTestNG.java:204)
	at org.testng.remote.RemoteTestNG.main(RemoteTestNG.java:175)
</pre></div><a href='#' onClick='toggleBox("stack-trace1917759555", this, "Click to show all stack frames", "Click to hide stack frames")'>Click to show all stack frames</a>
<div class='stack-trace' id='stack-trace1917759555'><pre>org.openqa.selenium.NoSuchElementException: Cannot locate element with text: Wrong Country
For documentation on this error, please visit: http://seleniumhq.org/exceptions/no_such_element.html
Build info: version: &apos;2.26.0&apos;, revision: &apos;18040&apos;, time: &apos;2012-11-02 09:44:45&apos;
System info: os.name: &apos;Linux&apos;, os.arch: &apos;amd64&apos;, os.version: &apos;3.0.0-28-generic&apos;, java.version: &apos;1.6.0_24&apos;
Driver info: driver.version: unknown
	at org.openqa.selenium.support.ui.Select.selectByVisibleText(Select.java:147)
	at com.seleniumtests.pageobject.NewRegistrationPage.selectCountry(NewRegistrationPage.java:78)
	at com.seleniumtests.pageobject.NewRegistrationPage.registerNewUser(NewRegistrationPage.java:115)
	at com.seleniumtests.test.WebDriverTest.newRegistrationUsingCSVFile(WebDriverTest.java:80)
	at sun.reflect.NativeMethodAccessorImpl.invoke0(Native Method)
	at sun.reflect.NativeMethodAccessorImpl.invoke(NativeMethodAccessorImpl.java:57)
	at sun.reflect.DelegatingMethodAccessorImpl.invoke(DelegatingMethodAccessorImpl.java:43)
	at java.lang.reflect.Method.invoke(Method.java:616)
	at org.testng.internal.MethodInvocationHelper.invokeMethod(MethodInvocationHelper.java:80)
	at org.testng.internal.Invoker.invokeMethod(Invoker.java:714)
	at org.testng.internal.Invoker.invokeTestMethod(Invoker.java:901)
	at org.testng.internal.Invoker.invokeTestMethods(Invoker.java:1231)
	at org.testng.internal.TestMethodWorker.invokeTestMethods(TestMethodWorker.java:128)
	at org.testng.internal.TestMethodWorker.run(TestMethodWorker.java:111)
	at org.testng.TestRunner.privateRun(TestRunner.java:767)
	at org.testng.TestRunner.run(TestRunner.java:617)
	at org.testng.SuiteRunner.runTest(SuiteRunner.java:334)
	at org.testng.SuiteRunner.runSequentially(SuiteRunner.java:329)
	at org.testng.SuiteRunner.privateRun(SuiteRunner.java:291)
	at org.testng.SuiteRunner.run(SuiteRunner.java:240)
	at org.testng.SuiteRunnerWorker.runSuite(SuiteRunnerWorker.java:52)
	at org.testng.SuiteRunnerWorker.run(SuiteRunnerWorker.java:86)
	at org.testng.TestNG.runSuitesSequentially(TestNG.java:1203)
	at org.testng.TestNG.runSuitesLocally(TestNG.java:1128)
	at org.testng.TestNG.run(TestNG.java:1036)
	at org.testng.remote.RemoteTestNG.run(RemoteTestNG.java:111)
	at org.testng.remote.RemoteTestNG.initAndRun(RemoteTestNG.java:204)
	at org.testng.remote.RemoteTestNG.main(RemoteTestNG.java:175)
</pre></div></td>
<td>3</td>
<td>com.seleniumtests.test.WebDriverTest@fcfa52</td></tr>
</table><p>
<table width='100%' border='1' class='invocation-passed'>
<tr><td colspan='4' align='center'><b>PASSED TESTS</b></td></tr>
<tr><td><b>Test method</b></td>
<td width="30%"><b>Exception</b></td>
<td width="10%"><b>Time (seconds)</b></td>
<td><b>Instance</b></td>
</tr>
<tr>
<td title='com.seleniumtests.test.WebDriverTest.newRegistrationUsingCSVFile()'><b>newRegistrationUsingCSVFile</b><br>Test class: com.seleniumtests.test.WebDriverTest<br>Parameters: com.seleniumtests.dataobject.RegistrationData@175bc6c8<br/>
<a href="#Output-298288731" onClick='toggleBox("Output-298288731", this, "Show output", "Hide output");'>Show output</a>

<a href="#Output-298288731" onClick="toggleAllBoxes();">Show all outputs</a>
<div class='log' id="Output-298288731">
firstName: Test first name 1<br><br/>
lastName: Test last name 1<br><br/>
phone: 1234567890<br><br/>
userName: seleniumuser1<br><br/>
country: IRAN<br><br/>
email: test1@selenium.com<br><br/>
password: 123456<br><br/>
confirmPassword: 123456<br><br/>
</div>
</td>
<td></td>
<td>36</td>
<td>com.seleniumtests.test.WebDriverTest@fcfa52</td></tr>
<tr>
<td title='com.seleniumtests.test.WebDriverTest.newRegistrationUsingCSVFile()'><b>newRegistrationUsingCSVFile</b><br>Test class: com.seleniumtests.test.WebDriverTest<br>Parameters: com.seleniumtests.dataobject.RegistrationData@716de067<br/>
<a href="#Output-1692558800" onClick='toggleBox("Output-1692558800", this, "Show output", "Hide output");'>Show output</a>

<a href="#Output-1692558800" onClick="toggleAllBoxes();">Show all outputs</a>
<div class='log' id="Output-1692558800">
firstName: Test first name 2<br><br/>
lastName: Test last name 2<br><br/>
phone: 0987654321<br><br/>
userName: seleniumuser2<br><br/>
country: PERU<br><br/>
email: test2@selenium.com<br><br/>
password: 123456<br><br/>
confirmPassword: 123456<br><br/>
</div>
</td>
<td></td>
<td>25</td>
<td>com.seleniumtests.test.WebDriverTest@fcfa52</td></tr>
</table><p>
</body>
</html>