<?xml version="1.0" encoding="UTF-8"?>
<testng-results skipped="0" failed="1" total="3" passed="2">
  <reporter-output>
    <line>
      <![CDATA[firstName: Test first name 1<br>]]>
    </line>
    <line>
      <![CDATA[lastName: Test last name 1<br>]]>
    </line>
    <line>
      <![CDATA[phone: 1234567890<br>]]>
    </line>
    <line>
      <![CDATA[userName: seleniumuser1<br>]]>
    </line>
    <line>
      <![CDATA[country: IRAN<br>]]>
    </line>
    <line>
      <![CDATA[email: test1@selenium.com<br>]]>
    </line>
    <line>
      <![CDATA[password: 123456<br>]]>
    </line>
    <line>
      <![CDATA[confirmPassword: 123456<br>]]>
    </line>
    <line>
      <![CDATA[firstName: Test first name 2<br>]]>
    </line>
    <line>
      <![CDATA[lastName: Test last name 2<br>]]>
    </line>
    <line>
      <![CDATA[phone: 0987654321<br>]]>
    </line>
    <line>
      <![CDATA[userName: seleniumuser2<br>]]>
    </line>
    <line>
      <![CDATA[country: PERU<br>]]>
    </line>
    <line>
      <![CDATA[email: test2@selenium.com<br>]]>
    </line>
    <line>
      <![CDATA[password: 123456<br>]]>
    </line>
    <line>
      <![CDATA[confirmPassword: 123456<br>]]>
    </line>
    <line>
      <![CDATA[firstName: Test first name 3<br>]]>
    </line>
    <line>
      <![CDATA[lastName: Test last name 3<br>]]>
    </line>
    <line>
      <![CDATA[phone: 0987654321<br>]]>
    </line>
    <line>
      <![CDATA[userName: seleniumuser3<br>]]>
    </line>
    <line>
      <![CDATA[country: Wrong Country<br>]]>
    </line>
    <line>
      <![CDATA[email: test3@selenium.com<br>]]>
    </line>
    <line>
      <![CDATA[password: 123456<br>]]>
    </line>
    <line>
      <![CDATA[confirmPassword: 123456<br>]]>
    </line>
  </reporter-output>
  <suite name="Default suite" duration-ms="81424" started-at="2012-12-12T21:08:09Z" finished-at="2012-12-12T21:09:31Z">
    <groups>
    </groups>
    <test name="Default test" duration-ms="81424" started-at="2012-12-12T21:08:09Z" finished-at="2012-12-12T21:09:31Z">
      <class name="com.seleniumtests.test.WebDriverTest">
        <test-method status="PASS" signature="setEnv(java.lang.String)[pri:0, instance:com.seleniumtests.test.WebDriverTest@fcfa52]" name="setEnv" is-config="true" duration-ms="8" started-at="2012-12-13T02:38:09Z" finished-at="2012-12-13T02:38:09Z">
          <params>
            <param index="0">
              <value>
                <![CDATA[http://newtours.demoaut.com/mercuryregister.php]]>
              </value>
            </param>
          </params>
          <reporter-output>
          </reporter-output>
        </test-method> <!-- setEnv -->
        <test-method status="PASS" signature="launchBrowser(java.lang.String)[pri:0, instance:com.seleniumtests.test.WebDriverTest@fcfa52]" name="launchBrowser" is-config="true" duration-ms="5141" started-at="2012-12-13T02:38:09Z" finished-at="2012-12-13T02:38:14Z">
          <params>
            <param index="0">
              <value>
                <![CDATA[FF]]>
              </value>
            </param>
          </params>
          <reporter-output>
          </reporter-output>
        </test-method> <!-- launchBrowser -->
        <test-method status="PASS" signature="newRegistrationUsingCSVFile(com.seleniumtests.dataobject.RegistrationData)[pri:0, instance:com.seleniumtests.test.WebDriverTest@fcfa52]" name="newRegistrationUsingCSVFile" duration-ms="36190" started-at="2012-12-13T02:38:14Z" data-provider="regCSVData" finished-at="2012-12-13T02:38:51Z">
          <params>
            <param index="0">
              <value>
                <![CDATA[com.seleniumtests.dataobject.RegistrationData@175bc6c8]]>
              </value>
            </param>
          </params>
          <reporter-output>
            <line>
              <![CDATA[firstName: Test first name 1<br>]]>
            </line>
            <line>
              <![CDATA[lastName: Test last name 1<br>]]>
            </line>
            <line>
              <![CDATA[phone: 1234567890<br>]]>
            </line>
            <line>
              <![CDATA[userName: seleniumuser1<br>]]>
            </line>
            <line>
              <![CDATA[country: IRAN<br>]]>
            </line>
            <line>
              <![CDATA[email: test1@selenium.com<br>]]>
            </line>
            <line>
              <![CDATA[password: 123456<br>]]>
            </line>
            <line>
              <![CDATA[confirmPassword: 123456<br>]]>
            </line>
          </reporter-output>
        </test-method> <!-- newRegistrationUsingCSVFile -->
        <test-method status="PASS" signature="closeBrowser(org.testng.ITestResult)[pri:0, instance:com.seleniumtests.test.WebDriverTest@fcfa52]" name="closeBrowser" is-config="true" duration-ms="132" started-at="2012-12-13T02:38:51Z" finished-at="2012-12-13T02:38:51Z">
          <params>
            <param index="0">
              <value>
                <![CDATA[[TestResult name=newRegistrationUsingCSVFile status=SUCCESS method=WebDriverTest.newRegistrationUsingCSVFile(com.seleniumtests.dataobject.RegistrationData)[pri:0, instance:com.seleniumtests.test.WebDriverTest@fcfa52] output=firstName: Test first name 1<br>]]]>
              </value>
            </param>
          </params>
          <reporter-output>
          </reporter-output>
        </test-method> <!-- closeBrowser -->
        <test-method status="PASS" signature="launchBrowser(java.lang.String)[pri:0, instance:com.seleniumtests.test.WebDriverTest@fcfa52]" name="launchBrowser" is-config="true" duration-ms="5050" started-at="2012-12-13T02:38:51Z" finished-at="2012-12-13T02:38:56Z">
          <params>
            <param index="0">
              <value>
                <![CDATA[FF]]>
              </value>
            </param>
          </params>
          <reporter-output>
          </reporter-output>
        </test-method> <!-- launchBrowser -->
        <test-method status="PASS" signature="newRegistrationUsingCSVFile(com.seleniumtests.dataobject.RegistrationData)[pri:0, instance:com.seleniumtests.test.WebDriverTest@fcfa52]" name="newRegistrationUsingCSVFile" duration-ms="25892" started-at="2012-12-13T02:38:56Z" data-provider="regCSVData" finished-at="2012-12-13T02:39:22Z">
          <params>
            <param index="0">
              <value>
                <![CDATA[com.seleniumtests.dataobject.RegistrationData@716de067]]>
              </value>
            </param>
          </params>
          <reporter-output>
            <line>
              <![CDATA[firstName: Test first name 2<br>]]>
            </line>
            <line>
              <![CDATA[lastName: Test last name 2<br>]]>
            </line>
            <line>
              <![CDATA[phone: 0987654321<br>]]>
            </line>
            <line>
              <![CDATA[userName: seleniumuser2<br>]]>
            </line>
            <line>
              <![CDATA[country: PERU<br>]]>
            </line>
            <line>
              <![CDATA[email: test2@selenium.com<br>]]>
            </line>
            <line>
              <![CDATA[password: 123456<br>]]>
            </line>
            <line>
              <![CDATA[confirmPassword: 123456<br>]]>
            </line>
          </reporter-output>
        </test-method> <!-- newRegistrationUsingCSVFile -->
        <test-method status="PASS" signature="closeBrowser(org.testng.ITestResult)[pri:0, instance:com.seleniumtests.test.WebDriverTest@fcfa52]" name="closeBrowser" is-config="true" duration-ms="180" started-at="2012-12-13T02:39:22Z" finished-at="2012-12-13T02:39:22Z">
          <params>
            <param index="0">
              <value>
                <![CDATA[[TestResult name=newRegistrationUsingCSVFile status=SUCCESS method=WebDriverTest.newRegistrationUsingCSVFile(com.seleniumtests.dataobject.RegistrationData)[pri:0, instance:com.seleniumtests.test.WebDriverTest@fcfa52] output=firstName: Test first name 2<br>]]]>
              </value>
            </param>
          </params>
          <reporter-output>
          </reporter-output>
        </test-method> <!-- closeBrowser -->
        <test-method status="PASS" signature="launchBrowser(java.lang.String)[pri:0, instance:com.seleniumtests.test.WebDriverTest@fcfa52]" name="launchBrowser" is-config="true" duration-ms="4652" started-at="2012-12-13T02:39:22Z" finished-at="2012-12-13T02:39:27Z">
          <params>
            <param index="0">
              <value>
                <![CDATA[FF]]>
              </value>
            </param>
          </params>
          <reporter-output>
          </reporter-output>
        </test-method> <!-- launchBrowser -->
        <test-method status="FAIL" signature="newRegistrationUsingCSVFile(com.seleniumtests.dataobject.RegistrationData)[pri:0, instance:com.seleniumtests.test.WebDriverTest@fcfa52]" name="newRegistrationUsingCSVFile" duration-ms="3445" started-at="2012-12-13T02:39:27Z" data-provider="regCSVData" finished-at="2012-12-13T02:39:30Z">
          <params>
            <param index="0">
              <value>
                <![CDATA[com.seleniumtests.dataobject.RegistrationData@5f4275d4]]>
              </value>
            </param>
          </params>
          <exception class="org.openqa.selenium.NoSuchElementException">
            <message>
              <![CDATA[Cannot locate element with text: Wrong Country
For documentation on this error, please visit: http://seleniumhq.org/exceptions/no_such_element.html
Build info: version: '2.26.0', revision: '18040', time: '2012-11-02 09:44:45'
System info: os.name: 'Linux', os.arch: 'amd64', os.version: '3.0.0-28-generic', java.version: '1.6.0_24'
Driver info: driver.version: unknown]]>
            </message>
            <full-stacktrace>
              <![CDATA[org.openqa.selenium.NoSuchElementException: Cannot locate element with text: Wrong Country
For documentation on this error, please visit: http://seleniumhq.org/exceptions/no_such_element.html
Build info: version: '2.26.0', revision: '18040', time: '2012-11-02 09:44:45'
System info: os.name: 'Linux', os.arch: 'amd64', os.version: '3.0.0-28-generic', java.version: '1.6.0_24'
Driver info: driver.version: unknown
	at org.openqa.selenium.support.ui.Select.selectByVisibleText(Select.java:147)
	at com.seleniumtests.pageobject.NewRegistrationPage.selectCountry(NewRegistrationPage.java:78)
	at com.seleniumtests.pageobject.NewRegistrationPage.registerNewUser(NewRegistrationPage.java:115)
	at com.seleniumtests.test.WebDriverTest.newRegistrationUsingCSVFile(WebDriverTest.java:80)
	at sun.reflect.NativeMethodAccessorImpl.invoke0(Native Method)
	at sun.reflect.NativeMethodAccessorImpl.invoke(NativeMethodAccessorImpl.java:57)
	at sun.reflect.DelegatingMethodAccessorImpl.invoke(DelegatingMethodAccessorImpl.java:43)
	at java.lang.reflect.Method.invoke(Method.java:616)
	at org.testng.internal.MethodInvocationHelper.invokeMethod(MethodInvocationHelper.java:80)
	at org.testng.internal.Invoker.invokeMethod(Invoker.java:714)
	at org.testng.internal.Invoker.invokeTestMethod(Invoker.java:901)
	at org.testng.internal.Invoker.invokeTestMethods(Invoker.java:1231)
	at org.testng.internal.TestMethodWorker.invokeTestMethods(TestMethodWorker.java:128)
	at org.testng.internal.TestMethodWorker.run(TestMethodWorker.java:111)
	at org.testng.TestRunner.privateRun(TestRunner.java:767)
	at org.testng.TestRunner.run(TestRunner.java:617)
	at org.testng.SuiteRunner.runTest(SuiteRunner.java:334)
	at org.testng.SuiteRunner.runSequentially(SuiteRunner.java:329)
	at org.testng.SuiteRunner.privateRun(SuiteRunner.java:291)
	at org.testng.SuiteRunner.run(SuiteRunner.java:240)
	at org.testng.SuiteRunnerWorker.runSuite(SuiteRunnerWorker.java:52)
	at org.testng.SuiteRunnerWorker.run(SuiteRunnerWorker.java:86)
	at org.testng.TestNG.runSuitesSequentially(TestNG.java:1203)
	at org.testng.TestNG.runSuitesLocally(TestNG.java:1128)
	at org.testng.TestNG.run(TestNG.java:1036)
	at org.testng.remote.RemoteTestNG.run(RemoteTestNG.java:111)
	at org.testng.remote.RemoteTestNG.initAndRun(RemoteTestNG.java:204)
	at org.testng.remote.RemoteTestNG.main(RemoteTestNG.java:175)
]]>
            </full-stacktrace>
          </exception> <!-- org.openqa.selenium.NoSuchElementException -->
          <reporter-output>
            <line>
              <![CDATA[firstName: Test first name 3<br>]]>
            </line>
            <line>
              <![CDATA[lastName: Test last name 3<br>]]>
            </line>
            <line>
              <![CDATA[phone: 0987654321<br>]]>
            </line>
            <line>
              <![CDATA[userName: seleniumuser3<br>]]>
            </line>
            <line>
              <![CDATA[country: Wrong Country<br>]]>
            </line>
            <line>
              <![CDATA[email: test3@selenium.com<br>]]>
            </line>
            <line>
              <![CDATA[password: 123456<br>]]>
            </line>
            <line>
              <![CDATA[confirmPassword: 123456<br>]]>
            </line>
          </reporter-output>
        </test-method> <!-- newRegistrationUsingCSVFile -->
        <test-method status="PASS" signature="closeBrowser(org.testng.ITestResult)[pri:0, instance:com.seleniumtests.test.WebDriverTest@fcfa52]" name="closeBrowser" is-config="true" duration-ms="720" started-at="2012-12-13T02:39:30Z" finished-at="2012-12-13T02:39:31Z">
          <params>
            <param index="0">
              <value>
                <![CDATA[[TestResult name=newRegistrationUsingCSVFile status=FAILURE method=WebDriverTest.newRegistrationUsingCSVFile(com.seleniumtests.dataobject.RegistrationData)[pri:0, instance:com.seleniumtests.test.WebDriverTest@fcfa52] output=firstName: Test first name 3<br>]]]>
              </value>
            </param>
          </params>
          <reporter-output>
          </reporter-output>
        </test-method> <!-- closeBrowser -->
      </class> <!-- com.seleniumtests.test.WebDriverTest -->
    </test> <!-- Default test -->
  </suite> <!-- Default suite -->
</testng-results>
