<?xml version="1.0" encoding="UTF-8"?>
<!-- Generated by org.testng.reporters.JUnitReportReporter -->
<testsuite hostname="tarun-Vostro-2420" name="com.seleniumtests.test.WebDriverTest" tests="3" failures="1" timestamp="12 Dec 2012 21:09:31 GMT" time="81.402" errors="0">
  <testcase name="newRegistrationUsingCSVFile" time="9.215" classname="com.seleniumtests.test.WebDriverTest">
    <failure type="org.openqa.selenium.NoSuchElementException" message="Cannot locate element with text: Wrong Country
For documentation on this error, please visit: http://seleniumhq.org/exceptions/no_such_element.html
Build info: version: &#039;2.26.0&#039;, revision: &#039;18040&#039;, time: &#039;2012-11-02 09:44:45&#039;
System info: os.name: &#039;Linux&#039;, os.arch: &#039;amd64&#039;, os.version: &#039;3.0.0-28-generic&#039;, java.version: &#039;1.6.0_24&#039;
Driver info: driver.version: unknown">
      <![CDATA[org.openqa.selenium.NoSuchElementException: Cannot locate element with text: Wrong Country
For documentation on this error, please visit: http://seleniumhq.org/exceptions/no_such_element.html
Build info: version: '2.26.0', revision: '18040', time: '2012-11-02 09:44:45'
System info: os.name: 'Linux', os.arch: 'amd64', os.version: '3.0.0-28-generic', java.version: '1.6.0_24'
Driver info: driver.version: unknown
	at org.openqa.selenium.support.ui.Select.selectByVisibleText(Select.java:147)
	at com.seleniumtests.pageobject.NewRegistrationPage.selectCountry(NewRegistrationPage.java:78)
	at com.seleniumtests.pageobject.NewRegistrationPage.registerNewUser(NewRegistrationPage.java:115)
	at com.seleniumtests.test.WebDriverTest.newRegistrationUsingCSVFile(WebDriverTest.java:80)
	at sun.reflect.NativeMethodAccessorImpl.invoke0(Native Method)
	at sun.reflect.NativeMethodAccessorImpl.invoke(NativeMethodAccessorImpl.java:57)
	at sun.reflect.DelegatingMethodAccessorImpl.invoke(DelegatingMethodAccessorImpl.java:43)
	at java.lang.reflect.Method.invoke(Method.java:616)
	at org.testng.internal.MethodInvocationHelper.invokeMethod(MethodInvocationHelper.java:80)
	at org.testng.internal.Invoker.invokeMethod(Invoker.java:714)
	at org.testng.internal.Invoker.invokeTestMethod(Invoker.java:901)
	at org.testng.internal.Invoker.invokeTestMethods(Invoker.java:1231)
	at org.testng.internal.TestMethodWorker.invokeTestMethods(TestMethodWorker.java:128)
	at org.testng.internal.TestMethodWorker.run(TestMethodWorker.java:111)
	at org.testng.TestRunner.privateRun(TestRunner.java:767)
	at org.testng.TestRunner.run(TestRunner.java:617)
	at org.testng.SuiteRunner.runTest(SuiteRunner.java:334)
	at org.testng.SuiteRunner.runSequentially(SuiteRunner.java:329)
	at org.testng.SuiteRunner.privateRun(SuiteRunner.java:291)
	at org.testng.SuiteRunner.run(SuiteRunner.java:240)
	at org.testng.SuiteRunnerWorker.runSuite(SuiteRunnerWorker.java:52)
	at org.testng.SuiteRunnerWorker.run(SuiteRunnerWorker.java:86)
	at org.testng.TestNG.runSuitesSequentially(TestNG.java:1203)
	at org.testng.TestNG.runSuitesLocally(TestNG.java:1128)
	at org.testng.TestNG.run(TestNG.java:1036)
	at org.testng.remote.RemoteTestNG.run(RemoteTestNG.java:111)
	at org.testng.remote.RemoteTestNG.initAndRun(RemoteTestNG.java:204)
	at org.testng.remote.RemoteTestNG.main(RemoteTestNG.java:175)
]]>
    </failure>
  </testcase> <!-- newRegistrationUsingCSVFile -->
  <testcase name="newRegistrationUsingCSVFile" time="31.213" classname="com.seleniumtests.test.WebDriverTest"/>
  <testcase name="newRegistrationUsingCSVFile" time="40.974" classname="com.seleniumtests.test.WebDriverTest"/>
</testsuite> <!-- com.seleniumtests.test.WebDriverTest -->
